$ tsup-node --minify --dts
CLI Building entry: src/index.ts, src/bin/index.ts
CLI Using tsconfig: tsconfig.json
CLI tsup v6.7.0
CLI Using tsup config: /Users/miguelangarano/Documents/GitHub/currents-playwright/packages/scanner/tsup.config.ts
CLI Target: esnext
CLI Cleaning output folder
CJS Build start

 WARN  [33mâ–² [43;33m[[43;30mWARNING[43;33m][0m [1mUsing direct eval with a bundler is not recommended and may cause problems[0m [direct-eval]

    src/index.ts:14:27:
[37m      14 â”‚   const { execa } = (await [32meval[37m('import("execa")')) as Promise<
         â•µ                            [32m~~~~[0m

  You can read more about direct eval and bundling here: [4mhttps://esbuild.github.io/link/direct-eval[0m



CJS dist/index.js.LEGAL.txt     0 B
CJS dist/index.js               1.65 KB
CJS dist/bin/index.js           2.59 KB
CJS dist/bin/index.js.LEGAL.txt 0 B
CJS dist/index.js.map           3.94 KB
CJS dist/bin/index.js.map       7.60 KB
CJS âš¡ï¸ Build success in 14ms
DTS Build start
DTS âš¡ï¸ Build success in 1551ms
DTS dist/bin/index.d.ts 21.00 B
DTS dist/index.d.ts     355.00 B
